2019-04-29 12:25:42,736 [Worker-2: Loading available Gradle versions] INFO  o.e.b.c.i.u.g.PublishedGradleVersions - Gradle version information cache is up-to-date. Trying to read.
2019-04-30 09:04:25,069 [Worker-6: Loading available Gradle versions] INFO  o.e.b.c.i.u.g.PublishedGradleVersions - Gradle version information cache is out-of-date. Trying to update.
2019-04-30 12:22:43,097 [Worker-3: Loading available Gradle versions] INFO  o.e.b.c.i.u.g.PublishedGradleVersions - Gradle version information cache is up-to-date. Trying to read.
2019-05-02 08:55:52,258 [Worker-6: Loading available Gradle versions] INFO  o.e.b.c.i.u.g.PublishedGradleVersions - Gradle version information cache is out-of-date. Trying to update.
2019-05-02 12:44:30,889 [Worker-5: Loading available Gradle versions] INFO  o.e.b.c.i.u.g.PublishedGradleVersions - Gradle version information cache is up-to-date. Trying to read.
2019-05-03 08:59:17,807 [Worker-5: Loading available Gradle versions] INFO  o.e.b.c.i.u.g.PublishedGradleVersions - Gradle version information cache is out-of-date. Trying to update.
2019-05-07 08:59:44,741 [Worker-0: Loading available Gradle versions] INFO  o.e.b.c.i.u.g.PublishedGradleVersions - Gradle version information cache is out-of-date. Trying to update.
2019-05-08 09:03:21,106 [Worker-1: Loading available Gradle versions] INFO  o.e.b.c.i.u.g.PublishedGradleVersions - Gradle version information cache is out-of-date. Trying to update.
2019-05-09 09:02:18,259 [Worker-1: Loading available Gradle versions] INFO  o.e.b.c.i.u.g.PublishedGradleVersions - Gradle version information cache is up-to-date. Trying to read.
2019-05-09 17:31:32,925 [Worker-6: Loading available Gradle versions] INFO  o.e.b.c.i.u.g.PublishedGradleVersions - Gradle version information cache is out-of-date. Trying to update.
2019-05-10 09:09:31,153 [Worker-1: Loading available Gradle versions] INFO  o.e.b.c.i.u.g.PublishedGradleVersions - Gradle version information cache is up-to-date. Trying to read.
2019-05-14 09:02:46,439 [Worker-7: Loading available Gradle versions] INFO  o.e.b.c.i.u.g.PublishedGradleVersions - Gradle version information cache is out-of-date. Trying to update.
2019-05-15 09:03:09,241 [Worker-6: Loading available Gradle versions] INFO  o.e.b.c.i.u.g.PublishedGradleVersions - Gradle version information cache is out-of-date. Trying to update.
2019-05-16 09:09:07,942 [Worker-1: Loading available Gradle versions] INFO  o.e.b.c.i.u.g.PublishedGradleVersions - Gradle version information cache is out-of-date. Trying to update.
2019-05-16 18:47:57,812 [Worker-6: Loading available Gradle versions] INFO  o.e.b.c.i.u.g.PublishedGradleVersions - Gradle version information cache is up-to-date. Trying to read.
2019-05-17 09:00:43,493 [Worker-0: Loading available Gradle versions] INFO  o.e.b.c.i.u.g.PublishedGradleVersions - Gradle version information cache is up-to-date. Trying to read.
2019-05-17 18:48:21,113 [Worker-342: Debug Source Lookup] INFO  o.e.m.c.i.e.AbstractTransferListenerAdapter - Downloading https://repo.maven.apache.org/maven2/org/apache/tomcat/tomcat-jasper/8.5.40/tomcat-jasper-8.5.40-sources.jar
2019-05-17 18:48:21,971 [Worker-342: Debug Source Lookup] INFO  o.e.m.c.i.e.AbstractTransferListenerAdapter - Downloaded https://repo.maven.apache.org/maven2/org/apache/tomcat/tomcat-jasper/8.5.40/tomcat-jasper-8.5.40-sources.jar
2019-05-17 18:48:23,173 [Worker-373: Debug Source Lookup] INFO  o.e.m.c.i.e.AbstractTransferListenerAdapter - Downloading https://repo.maven.apache.org/maven2/org/apache/tomcat/tomcat-catalina/8.5.40/tomcat-catalina-8.5.40-sources.jar
2019-05-17 18:48:24,573 [Worker-373: Debug Source Lookup] INFO  o.e.m.c.i.e.AbstractTransferListenerAdapter - Downloaded https://repo.maven.apache.org/maven2/org/apache/tomcat/tomcat-catalina/8.5.40/tomcat-catalina-8.5.40-sources.jar
2019-05-17 18:48:25,551 [Worker-366: Debug Source Lookup] INFO  o.e.m.c.i.e.AbstractTransferListenerAdapter - Downloading https://repo.maven.apache.org/maven2/org/apache/tomcat/tomcat-juli/8.5.40/tomcat-juli-8.5.40-sources.jar
2019-05-17 18:48:25,894 [Worker-366: Debug Source Lookup] INFO  o.e.m.c.i.e.AbstractTransferListenerAdapter - Downloaded https://repo.maven.apache.org/maven2/org/apache/tomcat/tomcat-juli/8.5.40/tomcat-juli-8.5.40-sources.jar
2019-05-17 18:49:32,351 [Worker-358: Debug Source Lookup] INFO  o.e.m.c.i.e.AbstractTransferListenerAdapter - Downloading https://repo.maven.apache.org/maven2/org/apache/tomcat/tomcat-servlet-api/8.5.40/tomcat-servlet-api-8.5.40-sources.jar
2019-05-17 18:49:33,343 [Worker-358: Debug Source Lookup] INFO  o.e.m.c.i.e.AbstractTransferListenerAdapter - Downloaded https://repo.maven.apache.org/maven2/org/apache/tomcat/tomcat-servlet-api/8.5.40/tomcat-servlet-api-8.5.40-sources.jar
2019-05-17 18:49:34,291 [Worker-363: Debug Source Lookup] INFO  o.e.m.c.i.e.AbstractTransferListenerAdapter - Downloading https://repo.maven.apache.org/maven2/org/apache/tomcat/tomcat-websocket/8.5.40/tomcat-websocket-8.5.40-sources.jar
2019-05-17 18:49:34,900 [Worker-363: Debug Source Lookup] INFO  o.e.m.c.i.e.AbstractTransferListenerAdapter - Downloaded https://repo.maven.apache.org/maven2/org/apache/tomcat/tomcat-websocket/8.5.40/tomcat-websocket-8.5.40-sources.jar
2019-05-17 18:49:35,787 [Worker-390: Debug Source Lookup] INFO  o.e.m.c.i.e.AbstractTransferListenerAdapter - Downloading https://repo.maven.apache.org/maven2/org/apache/tomcat/tomcat-coyote/8.5.40/tomcat-coyote-8.5.40-sources.jar
2019-05-17 18:49:36,763 [Worker-390: Debug Source Lookup] INFO  o.e.m.c.i.e.AbstractTransferListenerAdapter - Downloaded https://repo.maven.apache.org/maven2/org/apache/tomcat/tomcat-coyote/8.5.40/tomcat-coyote-8.5.40-sources.jar
2019-05-20 08:36:46,038 [Worker-6: Loading available Gradle versions] INFO  o.e.b.c.i.u.g.PublishedGradleVersions - Gradle version information cache is out-of-date. Trying to update.
2019-05-20 09:04:03,390 [Worker-6: Loading available Gradle versions] INFO  o.e.b.c.i.u.g.PublishedGradleVersions - Gradle version information cache is up-to-date. Trying to read.
